Jul 04 23:14 : state_file: failed to open /Volumes/GitDevDisk2/peoples-radio-1.4/web/uploads/assets/mpd/main/mpdstate: No such file or directory
Jul 04 23:14 : config: option 'encoder' on line 233 was not recognized
Jul 04 23:14 : update: added /002 Fun. ft. Janelle Monae - We Are Young.mp3
Jul 04 23:14 : update: added /003 Maroon 5 - Payphone (feat. Wiz Khalifa).mp3
Jul 04 23:14 : update: added /004 The Wanted - Glad You Came.mp3
Jul 04 23:14 : update: added /005 Carly Rae Jepsen - Call Me Maybe.mp3
Jul 04 23:14 : update: added /006 Flo Rida feat. Sia - Wild Ones.mp3
Jul 04 23:14 : update: added /007 Justin Bieber - Boyfriend.mp3
Jul 04 23:14 : update: added /008 Nicki Minaj - Starships.mp3
Jul 04 23:14 : update: added /009 One Direction - What Makes You Beautiful.mp3
Jul 04 23:14 : update: added /010 Kelly Clarkson - What Doesn't Kill You.mp3
Jul 04 23:14 : update: added /012 Train - Drive By.mp3
Jul 04 23:14 : update: added /013 Calvin Harris - Feel So Close.mp3
Jul 04 23:14 : update: added /014 Drake ft. Rihanna - Take Care.mp3
Jul 04 23:14 : update: added /015 Drake ft. Lil Wayne - The Motto.mp3
Jul 04 23:14 : update: added /016 Adele - Rumour Has It.mp3
Jul 04 23:14 : update: added /017 Wiz Khalifa - Work Hard, Play Hard.mp3
Jul 04 23:14 : update: added /018 Usher - Climax.mp3
Jul 04 23:14 : update: added /019 B.o.B - So Good.mp3
Jul 04 23:14 : update: added /020 Taylor Swift - Eyes Open.mp3
Jul 04 23:14 : update: added /021 David Guetta ft. Nicki Minaj - Turn Me On.mp3
Jul 04 23:14 : update: added /022 Adele - Set Fire to the Rain.mp3
Jul 04 23:14 : update: added /023 Eric Church - Springsteen.mp3
Jul 04 23:14 : update: added /024 Rihanna ft. Chris Brown - Birthday Cake (Remix).mp3
Jul 04 23:14 : update: added /025 Jennifer Lopez - Dance Again (feat. Pitbull).mp3
Jul 04 23:14 : update: added /026 Rihanna ft. Calvin Harris - We Found Love.mp3
Jul 04 23:14 : update: added /027 Luke Bryan - Drunk On You.mp3
Jul 04 23:14 : update: added /028 Snoop Dogg & Wiz Khalifa ft. Bruno Mars - Young, Wild & Free.mp3
Jul 04 23:14 : update: added /029 Gym Class Heroes ft. Neon Hitch - Ass Back Home.mp3
Jul 04 23:14 : update: added /030 Flo Rida - Good Feeling.mp3
Jul 04 23:14 : update: added /031 Carrie Underwood - Good Girl.mp3
Jul 04 23:14 : update: added /032 Karmin - Brokenhearted.mp3
Jul 04 23:14 : update: added /033 Jason Mraz - I Won't Give Up.mp3
Jul 04 23:14 : update: added /034 Jason Aldean - Fly Over States.mp3
Jul 04 23:14 : update: added /035 Kirko Bangz - Drank In My Cup.mp3
Jul 04 23:14 : update: added /036 Tyga - Rack City.mp3
Jul 04 23:14 : update: added /037 LMFAO - Sexy and I Know It.mp3
Jul 04 23:14 : update: added /038 Miranda Lambert - Over You.mp3
Jul 04 23:14 : update: added /039 Kanye West - Mercy (feat. Big Sean, Pusha T, 2 Chainz).mp3
Jul 04 23:14 : update: added /040 Ellie Goulding - Lights.mp3
Jul 04 23:14 : update: added /041 LMFAO ft. Lauren Bennett & GoonRock - Party Rock Anthem.mp3
Jul 04 23:14 : update: added /042 Tyga - Faded (feat. Lil Wayne).mp3
Jul 04 23:14 : update: added /043 Kip Moore - Somethin' 'Bout A Truck.mp3
Jul 04 23:14 : update: added /044 Jessie J - Domino.mp3
Jul 04 23:14 : update: added /045 Lee Brice - A Woman Like You.mp3
Jul 04 23:14 : update: added /046 Pitbull ft. Chris Brown - International Love.mp3
Jul 04 23:14 : update: added /047 Maroon 5 ft. Christina Aguilera - Moves Like Jagger.mp3
Jul 04 23:14 : update: added /048 Pitbull - Back in Time.mp3
Jul 04 23:14 : update: added /049 LoveRance - UP! (feat. 50 Cent).mp3
Jul 04 23:14 : update: added /050 Lady Antebellum - Dancin' Away With My Heart.mp3
Jul 04 23:14 : update: added /051 Rascal Flatts - Banjo.mp3
Jul 04 23:14 : update: added /052 Blake Shelton - Drink On It.mp3
Jul 04 23:14 : update: added /053 Travis Porter - Ayy Ladies (feat. Tyga).mp3
Jul 04 23:14 : update: added /054 Chris Brown - Turn Up the Music.mp3
Jul 04 23:14 : update: added /055 Kenny Chesney & Tim McGraw - Feel Like A Rock Star.mp3
Jul 04 23:14 : update: added /056 Rihanna ft. Jay-Z - Talk That Talk.mp3
Jul 04 23:14 : update: added /057 Young Jeezy - Leave You Alone (feat. Ne-Yo).mp3
Jul 04 23:14 : update: added /058 Eli Young Band - Even If It Breaks Your Heart.mp3
Jul 04 23:14 : update: added /059 Nicki Minaj - Beez In The Trap (feat. 2 Chainz).mp3
Jul 04 23:14 : update: added /060 Tim McGraw - Better Than I Used to Be.mp3
Jul 04 23:14 : update: added /061 Zac Brown Band - No Hurry.mp3
Jul 04 23:14 : update: added /062 Linkin Park - Burn It Down.mp3
Jul 04 23:14 : update: added /063 David Guetta ft. Sia - Titanium.mp3
Jul 04 23:14 : update: added /064 Flo Rida - Whistle.mp3
Jul 04 23:14 : update: added /065 Glee Cast - How Will I Know (Glee Cast Version).mp3
Jul 04 23:14 : update: added /066 Neon Trees - Everybody Talks.mp3
Jul 04 23:14 : update: added /067 Ca$hOut - Cashin' Out.mp3
Jul 04 23:14 : update: added /068 Chris Brown Feat Kevin McCall - Strip.mp3
Jul 04 23:14 : update: added /069 Demi Lovato - Give Your Heart a Break.mp3
Jul 04 23:14 : update: added /070 Usher - Scream.mp3
Jul 04 23:14 : update: added /071 Brantley Gilbert - You Don't Know Her Like I Do.mp3
Jul 04 23:14 : update: added /072 Drake ft. Lil Wayne - HYFR (Hell Yeah Fucking Right).mp3
Jul 04 23:14 : update: added /073 M83 - Midnight City.mp3
Jul 04 23:14 : update: added /074 fun. - Some Nights.mp3
Jul 04 23:14 : update: added /075 One Direction - One Thing.mp3
Jul 04 23:14 : update: added /076 Nicki Minaj - Right By My Side (feat. Chris Brown).mp3
Jul 04 23:14 : update: added /077 Taylor Swift Feat. The Civil Wars - Safe & Sound.mp3
Jul 04 23:14 : update: added /078 Rihanna - Where Have You Been.mp3
Jul 04 23:14 : update: added /079 John Legend - Tonight (Best You Ever Had) [feat. Ludacris].mp3
Jul 04 23:14 : update: added /080 Rick Ross - Stay Schemin' (feat. Drake & French Montana).mp3
Jul 04 23:14 : update: added /081 Michel Teló - Ai Se Eu Te Pego.mp3
Jul 04 23:14 : update: added /082 Skrillex - Bangarang (feat. Sirah).mp3
Jul 04 23:14 : update: added /083 Gloriana - (Kissed You) Good Night.mp3
Jul 04 23:14 : update: added /084 Fat Joe - Another Round (feat. Chris Brown).mp3
Jul 04 23:14 : update: added /085 Toby Keith - Beers Ago.mp3
Jul 04 23:14 : update: added /086 Josh Turner - Time Is Love.mp3
Jul 04 23:14 : update: added /087 DJ Khaled - Take It to the Head (feat. Chris Brown, Rick Ross, Nicki Minaj, & Lil Wayne).mp3
Jul 04 23:14 : update: added /088 Of Monsters and Men - Little Talks.mp3
Jul 04 23:14 : update: added /089 Calvin Harris - Let's Go (feat. Ne-Yo).mp3
Jul 04 23:14 : update: added /090 Mac Miller - Loud.mp3
Jul 04 23:14 : update: added /091 Havana Brown - We Run the Night (feat. Pitbull).mp3
Jul 04 23:14 : update: added /092 Glee Cast - It's Not Right But It's Okay (Glee Cast Version).mp3
Jul 04 23:14 : update: added /093 Chris Cagle - Got My Country On.mp3
Jul 04 23:14 : update: added /094 Andy Grammar - Fine By Me.mp3
Jul 04 23:14 : update: added /095 Future - Magic (feat. T.I.).mp3
Jul 04 23:14 : update: added /096 Trey Songz - Heart Attack.mp3
Jul 04 23:14 : update: added /097 Drake - Crew Love (feat. The Weeknd).mp3
Jul 04 23:14 : update: added /098 Craig Morgan - This Ole Boy.mp3
Jul 04 23:14 : update: added /099 Hunter Hayes - Wanted.mp3
Jul 04 23:14 : update: added /100 Skrillex - Scary Monsters and Nice Sprites.mp3
Jul 04 23:15 : state_file: failed to open /Volumes/GitDevDisk2/peoples-radio-1.4/web/uploads/assets/mpd/main/mpdstate: No such file or directory
Jul 04 23:15 : config: option 'encoder' on line 233 was not recognized
Jul 06 10:25 : config: option 'encoder' on line 233 was not recognized
Jul 06 10:43 : config: option 'encoder' on line 233 was not recognized
Jul 06 10:53 : player_thread: played "051 Rascal Flatts - Banjo.mp3"
Jul 06 10:56 : player_thread: played "008 Nicki Minaj - Starships.mp3"
Jul 06 11:00 : player_thread: played "097 Drake - Crew Love (feat. The Weeknd).mp3"
Jul 06 11:04 : player_thread: played "051 Rascal Flatts - Banjo.mp3"
Jul 06 11:07 : player_thread: played "008 Nicki Minaj - Starships.mp3"
Jul 06 11:11 : player_thread: played "097 Drake - Crew Love (feat. The Weeknd).mp3"
Jul 06 11:14 : player_thread: played "051 Rascal Flatts - Banjo.mp3"
Jul 06 11:18 : player_thread: played "008 Nicki Minaj - Starships.mp3"
Jul 06 11:21 : player_thread: played "097 Drake - Crew Love (feat. The Weeknd).mp3"
Jul 06 11:25 : player_thread: played "051 Rascal Flatts - Banjo.mp3"
Jul 06 11:28 : player_thread: played "008 Nicki Minaj - Starships.mp3"
Jul 06 11:32 : player_thread: played "097 Drake - Crew Love (feat. The Weeknd).mp3"
Jul 06 11:35 : player_thread: played "051 Rascal Flatts - Banjo.mp3"
Jul 06 11:39 : player_thread: played "008 Nicki Minaj - Starships.mp3"
Jul 06 11:42 : player_thread: played "097 Drake - Crew Love (feat. The Weeknd).mp3"
Jul 06 11:46 : player_thread: played "051 Rascal Flatts - Banjo.mp3"
Jul 06 11:50 : player_thread: played "008 Nicki Minaj - Starships.mp3"
Jul 06 11:53 : player_thread: played "097 Drake - Crew Love (feat. The Weeknd).mp3"
Jul 06 11:57 : player_thread: played "051 Rascal Flatts - Banjo.mp3"
Jul 06 12:00 : player_thread: played "008 Nicki Minaj - Starships.mp3"
Jul 06 12:04 : player_thread: played "097 Drake - Crew Love (feat. The Weeknd).mp3"
Jul 06 12:07 : player_thread: played "051 Rascal Flatts - Banjo.mp3"
Jul 06 12:11 : player_thread: played "008 Nicki Minaj - Starships.mp3"
Jul 06 12:14 : player_thread: played "097 Drake - Crew Love (feat. The Weeknd).mp3"
Jul 06 12:18 : player_thread: played "051 Rascal Flatts - Banjo.mp3"
Jul 06 12:22 : player_thread: played "008 Nicki Minaj - Starships.mp3"
Jul 06 12:25 : player_thread: played "097 Drake - Crew Love (feat. The Weeknd).mp3"
Jul 06 12:29 : player_thread: played "051 Rascal Flatts - Banjo.mp3"
Jul 06 12:35 : player_thread: played "097 Drake - Crew Love (feat. The Weeknd).mp3"
Jul 06 12:38 : player_thread: played "051 Rascal Flatts - Banjo.mp3"
Jul 06 12:42 : player_thread: played "008 Nicki Minaj - Starships.mp3"
Jul 06 13:29 : player_thread: played "047 Maroon 5 ft. Christina Aguilera - Moves Like Jagger.mp3"
Jul 06 13:32 : player_thread: played "016 Adele - Rumour Has It.mp3"
Jul 06 13:36 : player_thread: played "044 Jessie J - Domino.mp3"
Jul 06 13:43 : player_thread: played "006 Flo Rida feat. Sia - Wild Ones.mp3"
Jul 06 13:48 : player_thread: played "037 LMFAO - Sexy and I Know It.mp3"
Jul 06 13:51 : player_thread: played "090 Mac Miller - Loud.mp3"
Jul 06 13:54 : player_thread: played "009 One Direction - What Makes You Beautiful.mp3"
Jul 06 16:19 : config: option 'encoder' on line 233 was not recognized
Jul 06 16:19 : output: Failed to open "My MPD Stream" [shout]: problem opening connection to shout server www.icecast-streaming.com.local:8000: Couldn't connect
Jul 06 16:19 : player_thread: problems opening audio device while playing "007 Justin Bieber - Boyfriend.mp3"
Jul 06 16:20 : output: Failed to open "My MPD Stream" [shout]: problem opening connection to shout server www.icecast-streaming.com.local:8000: Couldn't connect
Jul 06 16:20 : output: Failed to open "My MPD Stream" [shout]: problem opening connection to shout server www.icecast-streaming.com.local:8000: Couldn't connect
Jul 06 16:23 : config: option 'encoder' on line 233 was not recognized
Jul 06 16:24 : player_thread: played "007 Justin Bieber - Boyfriend.mp3"
Jul 06 16:56 : config: option 'encoder' on line 233 was not recognized
Jul 06 16:57 : player_thread: played "045 Lee Brice - A Woman Like You.mp3"
Jul 06 17:00 : player_thread: played "048 Pitbull - Back in Time.mp3"
Jul 06 17:19 : config: option 'encoder' on line 233 was not recognized
